#
# A fatal error has been detected by the Java Runtime Environment:
#
#  EXCEPTION_ACCESS_VIOLATION (0xc0000005) at pc=0x00000000767be09e, pid=1496, tid=0x00000000000012f8
#
# JRE version: OpenJDK Runtime Environment (8.0_76-b03) (build 1.8.0_76-release-b03)
# Java VM: OpenJDK 64-Bit Server VM (25.76-b03 mixed mode windows-amd64 compressed oops)
# Problematic frame:
# V  [jvm.dll+0xee09e]
#
# Failed to write core dump. Minidumps are not enabled by default on client versions of Windows
#
# If you would like to submit a bug report, please visit:
#   http://bugreport.java.com/bugreport/crash.jsp
#

---------------  T H R E A D  ---------------

Current thread (0x0000000002678800):  GCTaskThread [stack: 0x0000000011f90000,0x0000000012090000] [id=4856]

siginfo: ExceptionCode=0xc0000005, reading address 0x00000000000000e8

Registers:
RAX=0x0000000000000000, RBX=0x00000000ce92d480, RCX=0x0000000100000b48, RDX=0x00000000ce92d480
RSP=0x000000001208fab0, RBP=0x00000000ce92d478, RSI=0x0000000014d72fe0, RDI=0x0000000014d72fe0
R8 =0x0000000100000b48, R9 =0x0000000000000000, R10=0x000000000000000c, R11=0x0000000076c8fa68
R12=0x00000000ce92d47c, R13=0x000000010007a3f0, R14=0x000000010007a3f8, R15=0x00000000ce92d460
RIP=0x00000000767be09e, EFLAGS=0x0000000000010246

Top of Stack: (sp=0x000000001208fab0)
0x000000001208fab0:   000000010007a208 00000000ce92d420
0x000000001208fac0:   0000000000000007 00000000768c41f2
0x000000001208fad0:   0000000000000000 0000000002678e60
0x000000001208fae0:   0000000002672610 0000000000000001
0x000000001208faf0:   0000000000007ad2 0000000076a8eb00
0x000000001208fb00:   000000001555a6d8 0000000000000000
0x000000001208fb10:   0000000014d72fe0 0000000076cdba18
0x000000001208fb20:   00000000d480bae8 0000000076a92c48
0x000000001208fb30:   0000000076e89d00 0000000000000005
0x000000001208fb40:   0000000000000000 000122220000b3c6
0x000000001208fb50:   00000000c5cf0e14 00000000767be0d6
0x000000001208fb60:   00000000d480bae8 0000000002672610
0x000000001208fb70:   0000000002678e70 0000000002678e60
0x000000001208fb80:   0000000076cdba18 0000000000000001
0x000000001208fb90:   00000000169f8ee0 0000000000000000
0x000000001208fba0:   0000000014d72fe0 0000000076a8c47f 

Instructions: (pc=0x00000000767be09e)
0x00000000767be07e:   48 ff c8 4c 8d 0c 10 48 f7 d0 49 c1 e9 03 48 c1
0x00000000767be08e:   e8 03 44 23 c8 eb 12 49 8b 00 48 8b d3 49 8b c8
0x00000000767be09e:   ff 90 e8 00 00 00 44 8b c8 49 63 f1 48 8d 0d 4f
0x00000000767be0ae:   bc 6c 00 48 8b d3 4c 8b c6 e8 b4 d0 2c 00 84 c0 


Register to memory mapping:

RAX=0x0000000000000000 is an unknown value
RBX=
[error occurred during error reporting (printing register info), id 0xc0000005]

Stack: [0x0000000011f90000,0x0000000012090000],  sp=0x000000001208fab0,  free space=1022k
Native frames: (J=compiled Java code, j=interpreted, Vv=VM code, C=native code)
V  [jvm.dll+0xee09e]
V  [jvm.dll+0x3beb00]
V  [jvm.dll+0x3bc47f]
V  [jvm.dll+0x3b997e]
V  [jvm.dll+0x26b60a]
C  [msvcr100.dll+0x21d9f]
C  [msvcr100.dll+0x21e3b]
C  [KERNEL32.DLL+0x8364]
C  [ntdll.dll+0x670d1]


---------------  P R O C E S S  ---------------

Java Threads: ( => current thread )
  0x0000000016ec4800 JavaThread "pool-2-thread-4" [_thread_blocked, id=4164, stack(0x0000000018960000,0x0000000018a60000)]
  0x000000001717d000 JavaThread "pool-2-thread-3" [_thread_blocked, id=7512, stack(0x0000000018860000,0x0000000018960000)]
  0x000000001717c000 JavaThread "pool-2-thread-2" [_thread_blocked, id=7516, stack(0x0000000018760000,0x0000000018860000)]
  0x0000000016e4b800 JavaThread "pool-3-thread-1" [_thread_blocked, id=4028, stack(0x0000000018660000,0x0000000018760000)]
  0x0000000016e49000 JavaThread "pool-2-thread-1" [_thread_blocked, id=7520, stack(0x0000000018560000,0x0000000018660000)]
  0x00000000167b8800 JavaThread "Service Thread" daemon [_thread_blocked, id=7504, stack(0x0000000016b90000,0x0000000016c90000)]
  0x0000000014e2e000 JavaThread "C1 CompilerThread2" daemon [_thread_blocked, id=6064, stack(0x0000000016690000,0x0000000016790000)]
  0x0000000014e28800 JavaThread "C2 CompilerThread1" daemon [_thread_blocked, id=4368, stack(0x0000000016590000,0x0000000016690000)]
  0x0000000014e38000 JavaThread "C2 CompilerThread0" daemon [_thread_blocked, id=8688, stack(0x0000000016490000,0x0000000016590000)]
  0x0000000014e36800 JavaThread "Attach Listener" daemon [_thread_blocked, id=6132, stack(0x0000000016390000,0x0000000016490000)]
  0x0000000014e35000 JavaThread "Signal Dispatcher" daemon [_thread_blocked, id=8676, stack(0x0000000016290000,0x0000000016390000)]
  0x0000000014e18800 JavaThread "Finalizer" daemon [_thread_blocked, id=2184, stack(0x00000000160a0000,0x00000000161a0000)]
  0x0000000002751000 JavaThread "Reference Handler" daemon [_thread_blocked, id=9172, stack(0x0000000015fa0000,0x00000000160a0000)]
  0x000000000255d800 JavaThread "main" [_thread_blocked, id=5484, stack(0x0000000002560000,0x0000000002660000)]

Other Threads:
  0x0000000014df4800 VMThread [stack: 0x0000000015ea0000,0x0000000015fa0000] [id=3924]
  0x0000000014e8e800 WatcherThread [stack: 0x0000000016c90000,0x0000000016d90000] [id=8844]

=>0x0000000002678800 (exited) GCTaskThread [stack: 0x0000000011f90000,0x0000000012090000] [id=4856]

VM state:at safepoint (normal execution)

VM Mutex/Monitor currently owned by a thread:  ([mutex/lock_event])
[0x000000000255c8b0] Threads_lock - owner thread: 0x0000000014df4800
[0x000000000255d130] Heap_lock - owner thread: 0x000000001717d000

Heap:
 PSYoungGen      total 232960K, used 116736K [0x00000000eab00000, 0x0000000100000000, 0x0000000100000000)
  eden space 116736K, 100% used [0x00000000eab00000,0x00000000f1d00000,0x00000000f1d00000)
  from space 116224K, 0% used [0x00000000f1d00000,0x00000000f1d00000,0x00000000f8e80000)
  to   space 116224K, 0% used [0x00000000f8e80000,0x00000000f8e80000,0x0000000100000000)
 ParOldGen       total 699392K, used 699351K [0x00000000c0000000, 0x00000000eab00000, 0x00000000eab00000)
  object space 699392K, 99% used [0x00000000c0000000,0x00000000eaaf5ee0,0x00000000eab00000)
 Metaspace       used 6633K, capacity 7282K, committed 7552K, reserved 1056768K
  class space    used 602K, capacity 618K, committed 640K, reserved 1048576K

Card table byte_map: [0x0000000011b20000,0x0000000011d30000] byte_map_base: 0x0000000011520000

Marking Bits: (ParMarkBitMap*) 0x0000000076e89d00
 Begin Bits: [0x0000000012290000, 0x0000000013290000)
 End Bits:   [0x0000000013290000, 0x0000000014290000)

Polling page: 0x0000000000990000

CodeCache: size=245760Kb used=12939Kb max_used=13384Kb free=232820Kb
 bounds [0x0000000002760000, 0x0000000003490000, 0x0000000011760000]
 total_blobs=2803 nmethods=2533 adapters=183
 compilation: enabled

Compilation events (10 events):
Event: 63.630 Thread 0x0000000014e2e000 nmethod 3048 0x0000000002c28050 code [0x0000000002c28560, 0x0000000002c2bd48]
Event: 63.630 Thread 0x0000000014e2e000 3043   !   3       com.android.dx.command.dexer.Main::processFileBytes (265 bytes)
Event: 63.633 Thread 0x0000000014e2e000 nmethod 3043 0x0000000002a7e8d0 code [0x0000000002a7ecc0, 0x0000000002a81298]
Event: 63.633 Thread 0x0000000014e2e000 3044       3       com.android.dx.command.dexer.Main::checkClassName (124 bytes)
Event: 63.634 Thread 0x0000000014e2e000 nmethod 3044 0x0000000002c507d0 code [0x0000000002c50aa0, 0x0000000002c51fe8]
Event: 63.634 Thread 0x0000000014e2e000 3049   !   3       com.android.dx.command.dexer.Main::translateClass (65 bytes)
Event: 63.635 Thread 0x0000000014e2e000 nmethod 3049 0x0000000002a2d250 code [0x0000000002a2d440, 0x0000000002a2dc28]
Event: 63.635 Thread 0x0000000014e2e000 3050       3       com.android.dx.dex.cf.AttributeTranslator::translateEnclosingMethod (50 bytes)
Event: 63.636 Thread 0x0000000014e2e000 nmethod 3050 0x0000000002d25590 code [0x0000000002d257e0, 0x0000000002d26648]
Event: 63.636 Thread 0x0000000014e2e000 3046       3       com.android.dx.cf.direct.DirectClassFile::parse0 (901 bytes)

GC Heap History (10 events):
Event: 50.781 GC heap after
Heap after GC invocations=54 (full 17):
 PSYoungGen      total 232960K, used 0K [0x00000000eab00000, 0x0000000100000000, 0x0000000100000000)
  eden space 116736K, 0% used [0x00000000eab00000,0x00000000eab00000,0x00000000f1d00000)
  from space 116224K, 0% used [0x00000000f1d00000,0x00000000f1d00000,0x00000000f8e80000)
  to   space 116224K, 0% used [0x00000000f8e80000,0x00000000f8e80000,0x0000000100000000)
 ParOldGen       total 699392K, used 687971K [0x00000000c0000000, 0x00000000eab00000, 0x00000000eab00000)
  object space 699392K, 98% used [0x00000000c0000000,0x00000000e9fd8ea0,0x00000000eab00000)
 Metaspace       used 6633K, capacity 7282K, committed 7552K, reserved 1056768K
  class space    used 602K, capacity 618K, committed 640K, reserved 1048576K
}
Event: 51.114 GC heap before
{Heap before GC invocations=55 (full 18):
 PSYoungGen      total 232960K, used 116736K [0x00000000eab00000, 0x0000000100000000, 0x0000000100000000)
  eden space 116736K, 100% used [0x00000000eab00000,0x00000000f1d00000,0x00000000f1d00000)
  from space 116224K, 0% used [0x00000000f1d00000,0x00000000f1d00000,0x00000000f8e80000)
  to   space 116224K, 0% used [0x00000000f8e80000,0x00000000f8e80000,0x0000000100000000)
 ParOldGen       total 699392K, used 687971K [0x00000000c0000000, 0x00000000eab00000, 0x00000000eab00000)
  object space 699392K, 98% used [0x00000000c0000000,0x00000000e9fd8ea0,0x00000000eab00000)
 Metaspace       used 6633K, capacity 7282K, committed 7552K, reserved 1056768K
  class space    used 602K, capacity 618K, committed 640K, reserved 1048576K
Event: 54.274 GC heap after
Heap after GC invocations=55 (full 18):
 PSYoungGen      total 232960K, used 5620K [0x00000000eab00000, 0x0000000100000000, 0x0000000100000000)
  eden space 116736K, 4% used [0x00000000eab00000,0x00000000eb07d278,0x00000000f1d00000)
  from space 116224K, 0% used [0x00000000f1d00000,0x00000000f1d00000,0x00000000f8e80000)
  to   space 116224K, 0% used [0x00000000f8e80000,0x00000000f8e80000,0x0000000100000000)
 ParOldGen       total 699392K, used 699329K [0x00000000c0000000, 0x00000000eab00000, 0x00000000eab00000)
  object space 699392K, 99% used [0x00000000c0000000,0x00000000eaaf07c0,0x00000000eab00000)
 Metaspace       used 6633K, capacity 7282K, committed 7552K, reserved 1056768K
  class space    used 602K, capacity 618K, committed 640K, reserved 1048576K
}
Event: 54.439 GC heap before
{Heap before GC invocations=56 (full 19):
 PSYoungGen      total 232960K, used 116736K [0x00000000eab00000, 0x0000000100000000, 0x0000000100000000)
  eden space 116736K, 100% used [0x00000000eab00000,0x00000000f1d00000,0x00000000f1d00000)
  from space 116224K, 0% used [0x00000000f1d00000,0x00000000f1d00000,0x00000000f8e80000)
  to   space 116224K, 0% used [0x00000000f8e80000,0x00000000f8e80000,0x0000000100000000)
 ParOldGen       total 699392K, used 699329K [0x00000000c0000000, 0x00000000eab00000, 0x00000000eab00000)
  object space 699392K, 99% used [0x00000000c0000000,0x00000000eaaf07c0,0x00000000eab00000)
 Metaspace       used 6633K, capacity 7282K, committed 7552K, reserved 1056768K
  class space    used 602K, capacity 618K, committed 640K, reserved 1048576K
Event: 57.652 GC heap after
Heap after GC invocations=56 (full 19):
 PSYoungGen      total 232960K, used 21076K [0x00000000eab00000, 0x0000000100000000, 0x0000000100000000)
  eden space 116736K, 18% used [0x00000000eab00000,0x00000000ebf95180,0x00000000f1d00000)
  from space 116224K, 0% used [0x00000000f1d00000,0x00000000f1d00000,0x00000000f8e80000)
  to   space 116224K, 0% used [0x00000000f8e80000,0x00000000f8e80000,0x0000000100000000)
 ParOldGen       total 699392K, used 699356K [0x00000000c0000000, 0x00000000eab00000, 0x00000000eab00000)
  object space 699392K, 99% used [0x00000000c0000000,0x00000000eaaf7200,0x00000000eab00000)
 Metaspace       used 6633K, capacity 7282K, committed 7552K, reserved 1056768K
  class space    used 602K, capacity 618K, committed 640K, reserved 1048576K
}
Event: 57.804 GC heap before
{Heap before GC invocations=57 (full 20):
 PSYoungGen      total 232960K, used 116736K [0x00000000eab00000, 0x0000000100000000, 0x0000000100000000)
  eden space 116736K, 100% used [0x00000000eab00000,0x00000000f1d00000,0x00000000f1d00000)
  from space 116224K, 0% used [0x00000000f1d00000,0x00000000f1d00000,0x00000000f8e80000)
  to   space 116224K, 0% used [0x00000000f8e80000,0x00000000f8e80000,0x0000000100000000)
 ParOldGen       total 699392K, used 699356K [0x00000000c0000000, 0x00000000eab00000, 0x00000000eab00000)
  object space 699392K, 99% used [0x00000000c0000000,0x00000000eaaf7200,0x00000000eab00000)
 Metaspace       used 6633K, capacity 7282K, committed 7552K, reserved 1056768K
  class space    used 602K, capacity 618K, committed 640K, reserved 1048576K
Event: 60.719 GC heap after
Heap after GC invocations=57 (full 20):
 PSYoungGen      total 232960K, used 33733K [0x00000000eab00000, 0x0000000100000000, 0x0000000100000000)
  eden space 116736K, 28% used [0x00000000eab00000,0x00000000ecbf1640,0x00000000f1d00000)
  from space 116224K, 0% used [0x00000000f1d00000,0x00000000f1d00000,0x00000000f8e80000)
  to   space 116224K, 0% used [0x00000000f8e80000,0x00000000f8e80000,0x0000000100000000)
 ParOldGen       total 699392K, used 699352K [0x00000000c0000000, 0x00000000eab00000, 0x00000000eab00000)
  object space 699392K, 99% used [0x00000000c0000000,0x00000000eaaf6380,0x00000000eab00000)
 Metaspace       used 6633K, capacity 7282K, committed 7552K, reserved 1056768K
  class space    used 602K, capacity 618K, committed 640K, reserved 1048576K
}
Event: 60.861 GC heap before
{Heap before GC invocations=58 (full 21):
 PSYoungGen      total 232960K, used 116736K [0x00000000eab00000, 0x0000000100000000, 0x0000000100000000)
  eden space 116736K, 100% used [0x00000000eab00000,0x00000000f1d00000,0x00000000f1d00000)
  from space 116224K, 0% used [0x00000000f1d00000,0x00000000f1d00000,0x00000000f8e80000)
  to   space 116224K, 0% used [0x00000000f8e80000,0x00000000f8e80000,0x0000000100000000)
 ParOldGen       total 699392K, used 699352K [0x00000000c0000000, 0x00000000eab00000, 0x00000000eab00000)
  object space 699392K, 99% used [0x00000000c0000000,0x00000000eaaf6380,0x00000000eab00000)
 Metaspace       used 6633K, capacity 7282K, committed 7552K, reserved 1056768K
  class space    used 602K, capacity 618K, committed 640K, reserved 1048576K
Event: 63.477 GC heap after
Heap after GC invocations=58 (full 21):
 PSYoungGen      total 232960K, used 46560K [0x00000000eab00000, 0x0000000100000000, 0x0000000100000000)
  eden space 116736K, 39% used [0x00000000eab00000,0x00000000ed8782b8,0x00000000f1d00000)
  from space 116224K, 0% used [0x00000000f1d00000,0x00000000f1d00000,0x00000000f8e80000)
  to   space 116224K, 0% used [0x00000000f8e80000,0x00000000f8e80000,0x0000000100000000)
 ParOldGen       total 699392K, used 699351K [0x00000000c0000000, 0x00000000eab00000, 0x00000000eab00000)
  object space 699392K, 99% used [0x00000000c0000000,0x00000000eaaf5ee0,0x00000000eab00000)
 Metaspace       used 6633K, capacity 7282K, committed 7552K, reserved 1056768K
  class space    used 602K, capacity 618K, committed 640K, reserved 1048576K
}
Event: 63.641 GC heap before
{Heap before GC invocations=59 (full 22):
 PSYoungGen      total 232960K, used 116736K [0x00000000eab00000, 0x0000000100000000, 0x0000000100000000)
  eden space 116736K, 100% used [0x00000000eab00000,0x00000000f1d00000,0x00000000f1d00000)
  from space 116224K, 0% used [0x00000000f1d00000,0x00000000f1d00000,0x00000000f8e80000)
  to   space 116224K, 0% used [0x00000000f8e80000,0x00000000f8e80000,0x0000000100000000)
 ParOldGen       total 699392K, used 699351K [0x00000000c0000000, 0x00000000eab00000, 0x00000000eab00000)
  object space 699392K, 99% used [0x00000000c0000000,0x00000000eaaf5ee0,0x00000000eab00000)
 Metaspace       used 6633K, capacity 7282K, committed 7552K, reserved 1056768K
  class space    used 602K, capacity 618K, committed 640K, reserved 1048576K

Deoptimization events (10 events):
Event: 30.344 Thread 0x0000000016ec4800 Uncommon trap: reason=class_check action=maybe_recompile pc=0x000000000329b5d4 method=com.android.dx.ssa.back.InterferenceGraph.mergeInterferenceSet(ILcom/android/dx/util/IntSet;)V @ 20
Event: 30.344 Thread 0x0000000016ec4800 Uncommon trap: reason=class_check action=maybe_recompile pc=0x00000000029b40a4 method=com.android.dx.util.BitIntSet.merge(Lcom/android/dx/util/IntSet;)V @ 1
Event: 30.418 Thread 0x0000000016ec4800 Uncommon trap: reason=class_check action=maybe_recompile pc=0x00000000031e1a2c method=com.android.dx.ssa.back.InterferenceGraph.mergeInterferenceSet(ILcom/android/dx/util/IntSet;)V @ 20
Event: 30.418 Thread 0x0000000016ec4800 Uncommon trap: reason=class_check action=maybe_recompile pc=0x00000000029b40a4 method=com.android.dx.util.BitIntSet.merge(Lcom/android/dx/util/IntSet;)V @ 1
Event: 30.418 Thread 0x0000000016ec4800 Uncommon trap: reason=class_check action=maybe_recompile pc=0x000000000329b5d4 method=com.android.dx.ssa.back.InterferenceGraph.mergeInterferenceSet(ILcom/android/dx/util/IntSet;)V @ 20
Event: 30.426 Thread 0x000000000255d800 Uncommon trap: reason=class_check action=maybe_recompile pc=0x0000000003265ef8 method=com.android.dx.ssa.back.InterferenceGraph.mergeInterferenceSet(ILcom/android/dx/util/IntSet;)V @ 20
Event: 40.904 Thread 0x000000001717d000 Uncommon trap: reason=unstable_if action=reinterpret pc=0x0000000002ea7114 method=java.util.HashMap.getNode(ILjava/lang/Object;)Ljava/util/HashMap$Node; @ 84
Event: 40.916 Thread 0x0000000016ec4800 Uncommon trap: reason=null_check action=make_not_entrant pc=0x0000000002dc0558 method=com.android.dx.rop.cst.CstKnownNull.equals(Ljava/lang/Object;)Z @ 1
Event: 42.796 Thread 0x0000000016e49000 Uncommon trap: reason=unstable_if action=reinterpret pc=0x000000000320ce14 method=com.android.dx.rop.code.Insn.contentEquals(Lcom/android/dx/rop/code/Insn;)Z @ 47
Event: 46.081 Thread 0x000000000255d800 Uncommon trap: reason=unstable_if action=reinterpret pc=0x0000000003381f18 method=com.android.dx.cf.code.Ropper.processBlock(Lcom/android/dx/cf/code/ByteBlock;Lcom/android/dx/cf/code/Frame;[I)V @ 651

Internal exceptions (9 events):
Event: 0.024 Thread 0x000000000255d800 Exception <a 'java/lang/NoSuchMethodError': Method sun.misc.Unsafe.defineClass(Ljava/lang/String;[BII)Ljava/lang/Class; name or signature does not match> (0x00000000eab07cc0) thrown at [C:\src\android\AOSP-openjdk\external\jetbrains\jdk\hotspot\src\share\v816d?
Event: 0.024 Thread 0x000000000255d800 Exception <a 'java/lang/NoSuchMethodError': Method sun.misc.Unsafe.prefetchRead(Ljava/lang/Object;J)V name or signature does not match> (0x00000000eab07fa8) thrown at [C:\src\android\AOSP-openjdk\external\jetbrains\jdk\hotspot\src\share\vm\prims\jni.cpp, ll芥*?
Event: 0.656 Thread 0x000000001717c000 Implicit null exception at 0x0000000002aa2e58 to 0x0000000002aa5171
Event: 1.486 Thread 0x0000000016ec4800 Implicit null exception at 0x0000000002c61910 to 0x0000000002c61a81
Event: 1.614 Thread 0x0000000016ec4800 Exception <a 'java/lang/ArrayIndexOutOfBoundsException': 18> (0x00000000ee0aca28) thrown at [C:\src\android\AOSP-openjdk\external\jetbrains\jdk\hotspot\src\share\vm\interpreter\interpreterRuntime.cpp, line 366]
Event: 1.614 Thread 0x0000000016ec4800 Exception <a 'java/lang/ArrayIndexOutOfBoundsException': 145> (0x00000000ee0ae5a8) thrown at [C:\src\android\AOSP-openjdk\external\jetbrains\jdk\hotspot\src\share\vm\interpreter\interpreterRuntime.cpp, line 366]
Event: 1.615 Thread 0x0000000016ec4800 Exception <a 'java/lang/ArrayIndexOutOfBoundsException'> (0x00000000ee0af890) thrown at [C:\src\android\AOSP-openjdk\external\jetbrains\jdk\hotspot\src\share\vm\runtime\sharedRuntime.cpp, line 605]
Event: 8.501 Thread 0x000000000255d800 Implicit null exception at 0x00000000028dc985 to 0x00000000028dd2f5
Event: 40.916 Thread 0x0000000016ec4800 Implicit null exception at 0x0000000002dc052c to 0x0000000002dc054e

Events (10 events):
Event: 60.860 Thread 0x0000000014e2e000 flushing nmethod 0x0000000002e64210
Event: 60.861 Executing VM operation: ParallelGCFailedAllocation
Event: 63.477 Executing VM operation: ParallelGCFailedAllocation done
Event: 63.478 Thread 0x0000000014e2e000 flushing nmethod 0x0000000002eba290
Event: 63.478 Thread 0x0000000014e2e000 flushing nmethod 0x0000000002f16950
Event: 63.568 Thread 0x0000000014e2e000 flushing nmethod 0x000000000320f290
Event: 63.568 Thread 0x0000000014e2e000 flushing nmethod 0x000000000325fb50
Event: 63.568 Thread 0x0000000014e2e000 flushing nmethod 0x000000000326f910
Event: 63.569 Thread 0x0000000014e2e000 flushing nmethod 0x00000000032fb890
Event: 63.641 Executing VM operation: ParallelGCFailedAllocation


Dynamic libraries:
0x00007ff7249d0000 - 0x00007ff724a01000 	C:\Program Files\Android\Android Studio\jre\bin\java.exe
0x00007ffbfce60000 - 0x00007ffbfd031000 	C:\Windows\SYSTEM32\ntdll.dll
0x00007ffbfca70000 - 0x00007ffbfcb1b000 	C:\Windows\System32\KERNEL32.DLL
0x00007ffbf9850000 - 0x00007ffbf9a6d000 	C:\Windows\System32\KERNELBASE.dll
0x00007ffbfcc20000 - 0x00007ffbfccc2000 	C:\Windows\System32\ADVAPI32.dll
0x00007ffbfcb80000 - 0x00007ffbfcc1e000 	C:\Windows\System32\msvcrt.dll
0x00007ffbfce00000 - 0x00007ffbfce59000 	C:\Windows\System32\sechost.dll
0x00007ffbfaa10000 - 0x00007ffbfab31000 	C:\Windows\System32\RPCRT4.dll
0x00007ffbfa3f0000 - 0x00007ffbfa555000 	C:\Windows\System32\USER32.dll
0x00007ffbf96a0000 - 0x00007ffbf96be000 	C:\Windows\System32\win32u.dll
0x00007ffbfca30000 - 0x00007ffbfca64000 	C:\Windows\System32\GDI32.dll
0x00007ffbf96c0000 - 0x00007ffbf9842000 	C:\Windows\System32\gdi32full.dll
0x00007ffbef360000 - 0x00007ffbef5d9000 	C:\Windows\WinSxS\amd64_microsoft.windows.common-controls_6595b64144ccf1df_6.0.14393.447_none_42191651c6827bb3\COMCTL32.dll
0x00007ffbfa6a0000 - 0x00007ffbfa968000 	C:\Windows\System32\combase.dll
0x00007ffbf9b70000 - 0x00007ffbf9c65000 	C:\Windows\System32\ucrtbase.dll
0x00007ffbf9630000 - 0x00007ffbf969a000 	C:\Windows\System32\bcryptPrimitives.dll
0x00007ffbfa9e0000 - 0x00007ffbfaa0e000 	C:\Windows\System32\IMM32.DLL
0x00000000765f0000 - 0x00000000766c2000 	C:\Program Files\Android\Android Studio\jre\jre\bin\msvcr100.dll
0x00000000766d0000 - 0x0000000076f04000 	C:\Program Files\Android\Android Studio\jre\jre\bin\server\jvm.dll
0x00007ffbfae40000 - 0x00007ffbfae48000 	C:\Windows\System32\PSAPI.DLL
0x00007ffbed390000 - 0x00007ffbed39a000 	C:\Windows\SYSTEM32\VERSION.dll
0x00007ffbed3a0000 - 0x00007ffbed3a9000 	C:\Windows\SYSTEM32\WSOCK32.dll
0x00007ffbf7780000 - 0x00007ffbf77a3000 	C:\Windows\SYSTEM32\WINMM.dll
0x00007ffbfccd0000 - 0x00007ffbfcd3a000 	C:\Windows\System32\WS2_32.dll
0x00007ffbf7720000 - 0x00007ffbf774b000 	C:\Windows\SYSTEM32\WINMMBASE.dll
0x00007ffbf9b20000 - 0x00007ffbf9b62000 	C:\Windows\System32\cfgmgr32.dll
0x00007ffbf2710000 - 0x00007ffbf271f000 	C:\Program Files\Android\Android Studio\jre\jre\bin\verify.dll
0x00007ffbf0210000 - 0x00007ffbf0239000 	C:\Program Files\Android\Android Studio\jre\jre\bin\java.dll
0x00007ffbf1210000 - 0x00007ffbf1226000 	C:\Program Files\Android\Android Studio\jre\jre\bin\zip.dll
0x00007ffbfb390000 - 0x00007ffbfc899000 	C:\Windows\System32\SHELL32.dll
0x00007ffbf9c70000 - 0x00007ffbfa34a000 	C:\Windows\System32\windows.storage.dll
0x00007ffbf9300000 - 0x00007ffbf934c000 	C:\Windows\System32\powrprof.dll
0x00007ffbfaef0000 - 0x00007ffbfaf42000 	C:\Windows\System32\shlwapi.dll
0x00007ffbf92e0000 - 0x00007ffbf92ef000 	C:\Windows\System32\kernel.appcore.dll
0x00007ffbf9520000 - 0x00007ffbf95c9000 	C:\Windows\System32\shcore.dll
0x00007ffbf92c0000 - 0x00007ffbf92d4000 	C:\Windows\System32\profapi.dll
0x00007ffbf1400000 - 0x00007ffbf1592000 	C:\Windows\SYSTEM32\dbghelp.dll

VM Arguments:
jvm_args: -Djava.awt.headless=true -Xmx1024M -Dfile.encoding=windows-1252 -Duser.country=US -Duser.language=en -Duser.variant 
java_command: com.android.dx.command.Main --dex --num-threads=4 --multi-dex --main-dex-list C:\Users\kuush\StudioProjects\HPParkingManager\app\build\intermediates\multi-dex\debug\maindexlist.txt --output C:\Users\kuush\StudioProjects\HPParkingManager\app\build\intermediates\transforms\dex\debug\folders\1000\1f\main C:\Users\kuush\StudioProjects\HPParkingManager\app\build\intermediates\transforms\jarMerging\debug\jars\1\1f\combined.jar
java_class_path (initial): C:\Users\kuush\AppData\Local\Android\sdk\build-tools\23.0.3\lib\dx.jar
Launcher Type: SUN_STANDARD

Environment Variables:
PATH=C:\ProgramData\Oracle\Java\javapath;C:\Windows\system32;C:\Windows;C:\Windows\System32\Wbem;C:\Windows\System32\WindowsPowerShell\v1.0\;C:\Program Files\Git\cmd;C:\Program Files\Microsoft SQL Server\120\Tools\Binn\;C:\Program Files\Microsoft SQL Server\130\Tools\Binn\;C:\Program Files (x86)\nodejs\;C:\Program Files (x86)\Windows Kits\10\Windows Performance Toolkit\;C:\Program Files (x86)\Brackets\command;C:\Program Files\Microsoft\Web Platform Installer\;C:\Program Files\dotnet\;C:\Program Files\Microsoft SQL Server\110\DTS\Binn\;C:\Program Files (x86)\Microsoft SQL Server\110\Tools\Binn\;C:\Program Files\Microsoft SQL Server\110\Tools\Binn\;C:\Program Files (x86)\Microsoft SQL Server\110\Tools\Binn\ManagementStudio\;C:\Program Files (x86)\Microsoft Visual Studio 10.0\Common7\IDE\PrivateAssemblies\;C:\Program Files (x86)\Microsoft SQL Server\110\DTS\Binn\;C:\Users\kuush\AppData\Local\Microsoft\WindowsApps;C:\Users\kuush\AppData\Roaming\npm;C:\Program Files (x86)\Microsoft VS Code\bin
USERNAME=kuush
OS=Windows_NT
PROCESSOR_IDENTIFIER=Intel64 Family 6 Model 42 Stepping 7, GenuineIntel



---------------  S Y S T E M  ---------------

OS: Windows 10.0 , 64 bit Build 14393 (10.0.14393.0)

CPU:total 4 (2 cores per cpu, 2 threads per core) family 6 model 42 stepping 7, cmov, cx8, fxsr, mmx, sse, sse2, sse3, ssse3, sse4.1, sse4.2, popcnt, avx, aes, clmul, ht, tsc, tscinvbit

Memory: 4k page, physical 4127092k(426600k free), swap 8845684k(3960844k free)

vm_info: OpenJDK 64-Bit Server VM (25.76-b03) for windows-amd64 JRE (1.8.0_76-release-b03), built on Jun 29 2016 19:09:20 by "ralucas" with MS VC++ 10.0 (VS2010)

time: Wed Dec 28 17:00:33 2016
elapsed time: 64 seconds (0d 0h 1m 4s)

